<?xml version="1.0" encoding="UTF-8"?>
<!-- Generated by org.testng.reporters.JUnitReportReporter -->
<testsuite hostname="DESKTOP-3KLB41R" failures="0" tests="2" name="testng_Practice.Prac2Test" time="0.004" errors="0" timestamp="2022-09-15T18:03:28 IST" skipped="0">
  <testcase classname="testng_Practice.Prac2Test" name="script2" time="0.002"/>
  <system-out/>
  <testcase classname="testng_Practice.Prac2Test" name="script1" time="0.002"/>
  <system-out/>
</testsuite> <!-- testng_Practice.Prac2Test -->
