<?xml version="1.0" encoding="UTF-8"?>
<!-- Generated by org.testng.reporters.JUnitReportReporter -->
<testsuite hostname="DESKTOP-3KLB41R" failures="0" tests="2" name="testng_Practice.Prac1Test" time="0.038" errors="0" timestamp="2022-09-15T18:03:28 IST" skipped="0">
  <testcase classname="testng_Practice.Prac1Test" name="script2" time="0.004"/>
  <system-out>
    <![CDATA[class--1 script-2]]>
  </system-out>
  <testcase classname="testng_Practice.Prac1Test" name="script1" time="0.034"/>
  <system-out/>
</testsuite> <!-- testng_Practice.Prac1Test -->
