<?xml version="1.0" encoding="UTF-8"?>
<!-- Generated by org.testng.reporters.JUnitReportReporter -->
<testsuite hostname="DESKTOP-3KLB41R" failures="0" tests="1" name="org.Rmb.Automation.MavenPracticeTest2" time="12.483" errors="0" timestamp="2022-09-20T12:34:34 IST" skipped="0">
  <testcase classname="org.Rmb.Automation.MavenPracticeTest2" name="step1Test" time="12.483"/>
  <system-out/>
</testsuite> <!-- org.Rmb.Automation.MavenPracticeTest2 -->
