<?xml version="1.0" encoding="UTF-8"?>
<!-- Generated by org.testng.reporters.JUnitReportReporter -->
<testsuite hostname="DESKTOP-3KLB41R" failures="0" tests="1" name="practice.TestCase1TestNG" time="15.122" errors="0" timestamp="2022-09-14T17:28:04 IST" skipped="0">
  <testcase classname="practice.TestCase1TestNG" name="OpenAccount" time="15.122"/>
  <system-out>
    <![CDATA[Account Created Successfully]]>
  </system-out>
</testsuite> <!-- practice.TestCase1TestNG -->
