<?xml version="1.0" encoding="UTF-8"?>
<!-- Generated by org.testng.reporters.JUnitReportReporter -->
<testsuite hostname="DESKTOP-3KLB41R" failures="0" tests="3" name="testng_Practice.prac3Test" time="0.016" errors="0" timestamp="2022-09-13T15:03:05 IST" skipped="0">
  <testcase classname="testng_Practice.prac3Test" name="script8" time="0.011"/>
  <system-out/>
  <testcase classname="testng_Practice.prac3Test" name="script7" time="0.003"/>
  <system-out/>
  <testcase classname="testng_Practice.prac3Test" name="script6" time="0.002"/>
  <system-out/>
</testsuite> <!-- testng_Practice.prac3Test -->
